2022-03-13T16:32:02.8694659 404 : [{"timestamp":"2022-03-13T20:32:02.821+00:00","status":404,"error":"Not Found","message":"Transfer not found!","path":"/transfer/0"}]
2022-03-13T16:56:01.9889926 500 : [{"timestamp":"2022-03-13T20:56:01.973+00:00","status":500,"error":"Internal Server Error","message":"PreparedStatementCallback; SQL [BEGIN TRANSACTION;INSERT INTO transfer (transfer_type_id, transfer_... (820 bytes)]
2022-03-13T16:56:10.849321 500 : [{"timestamp":"2022-03-13T20:56:10.846+00:00","status":500,"error":"Internal Server Error","message":"StatementCallback; uncategorized SQLException for SQL [SELECT transfer_id, transfer_type_id, transf... (550 bytes)]
2022-03-13T17:02:52.0982407 I/O error on POST request for "http://localhost:8080/login": Connection refused: connect; nested exception is java.net.ConnectException: Connection refused: connect
2022-03-13T17:06:17.7679552 500 : [{"timestamp":"2022-03-13T21:06:17.736+00:00","status":500,"error":"Internal Server Error","message":"PreparedStatementCallback; SQL [BEGIN TRANSACTION;INSERT INTO transfer (transfer_type_id, transfer_... (820 bytes)]
2022-03-13T17:09:37.8697086 500 : [{"timestamp":"2022-03-13T21:09:37.838+00:00","status":500,"error":"Internal Server Error","message":"PreparedStatementCallback; SQL [BEGIN TRANSACTION;INSERT INTO transfer (transfer_type_id, transfer_... (820 bytes)]
2022-03-13T17:15:02.4915503 500 : [{"timestamp":"2022-03-13T21:15:02.475+00:00","status":500,"error":"Internal Server Error","message":"PreparedStatementCallback; SQL [BEGIN TRANSACTION;INSERT INTO transfer (transfer_type_id, transfer_... (820 bytes)]
2022-03-13T17:44:25.9807759 500 : [{"timestamp":"2022-03-13T21:44:25.951+00:00","status":500,"error":"Internal Server Error","message":"PreparedStatementCallback; SQL [INSERT INTO transfer (transfer_type_id, transfer_status_id, account... (783 bytes)]
2022-03-13T17:45:53.35541 500 : [{"timestamp":"2022-03-13T21:45:53.324+00:00","status":500,"error":"Internal Server Error","message":"PreparedStatementCallback; SQL [INSERT INTO transfer (transfer_type_id, transfer_status_id, account... (769 bytes)]
2022-03-13T18:42:03.5749773 401 : [no body]
2022-03-13T18:42:43.3681575 500 : [{"timestamp":"2022-03-13T22:42:43.352+00:00","status":500,"error":"Internal Server Error","message":"PreparedStatementCallback; SQL [INSERT INTO transfer (transfer_type_id, transfer_status_id, account... (452 bytes)]
2022-03-13T18:42:43.3994047 500 : [{"timestamp":"2022-03-13T22:42:43.399+00:00","status":500,"error":"Internal Server Error","message":"PreparedStatementCallback; SQL [UPDATE account SET balance = balance + ?WHERE user_id = ?;]; ERROR:... (579 bytes)]
2022-03-13T18:42:43.430727 404 : [{"timestamp":"2022-03-13T22:42:43.430+00:00","status":404,"error":"Not Found","message":"No message available","path":"/account/subtractAdd/user/1001"}]
2022-03-13T18:43:01.2556694 404 : [{"timestamp":"2022-03-13T22:43:01.255+00:00","status":404,"error":"Not Found","message":"Transfer not found!","path":"/transfer/3013"}]
2022-03-13T18:44:44.1058046 500 : [{"timestamp":"2022-03-13T22:44:44.084+00:00","status":500,"error":"Internal Server Error","message":"PreparedStatementCallback; SQL [INSERT INTO transfer (transfer_type_id, transfer_status_id, account... (452 bytes)]
2022-03-13T18:44:44.1533457 500 : [{"timestamp":"2022-03-13T22:44:44.153+00:00","status":500,"error":"Internal Server Error","message":"PreparedStatementCallback; SQL [UPDATE account SET balance = balance + ?WHERE user_id = ?;]; ERROR:... (579 bytes)]
2022-03-13T18:44:44.1847868 404 : [{"timestamp":"2022-03-13T22:44:44.168+00:00","status":404,"error":"Not Found","message":"No message available","path":"/account/subtractAdd/user/1001"}]
2022-03-13T18:44:56.3130492 404 : [{"timestamp":"2022-03-13T22:44:56.313+00:00","status":404,"error":"Not Found","message":"Transfer not found!","path":"/transfer/0"}]
2022-03-13T18:47:01.0773147 500 : [{"timestamp":"2022-03-13T22:47:01.061+00:00","status":500,"error":"Internal Server Error","message":"PreparedStatementCallback; SQL [UPDATE account SET balance = balance + ?WHERE user_id = ?;]; ERROR:... (579 bytes)]
2022-03-13T18:47:01.1086228 404 : [{"timestamp":"2022-03-13T22:47:01.108+00:00","status":404,"error":"Not Found","message":"No message available","path":"/account/subtractAdd/user/1001"}]
2022-03-13T19:18:27.7524777 401 : [no body]
2022-03-13T19:19:26.3664038 500 : [{"timestamp":"2022-03-13T23:19:26.355+00:00","status":500,"error":"Internal Server Error","message":"PreparedStatementCallback; SQL [UPDATE account SET balance = (SELECT balance FROM account WHERE use... (620 bytes)]
2022-03-13T19:19:26.3980927 404 : [{"timestamp":"2022-03-13T23:19:26.382+00:00","status":404,"error":"Not Found","message":"No message available","path":"/account/subtractAdd/user/1001"}]
2022-03-13T19:43:06.1698279 404 : [{"timestamp":"2022-03-13T23:43:06.123+00:00","status":404,"error":"Not Found","message":"Transfer not found!","path":"/transfer/4"}]
2022-03-13T19:43:40.18197 404 : [{"timestamp":"2022-03-13T23:43:40.158+00:00","status":404,"error":"Not Found","message":"Account not found!","path":"/account/user/0"}]
2022-03-13T20:00:32.141721 500 : [{"timestamp":"2022-03-14T00:00:32.110+00:00","status":500,"error":"Internal Server Error","message":"PreparedStatementCallback; SQL [UPDATE account SET balance = ? WHERE user_id = ?;]; ERROR: null val... (570 bytes)]
2022-03-13T20:00:32.1739983 404 : [{"timestamp":"2022-03-14T00:00:32.157+00:00","status":404,"error":"Not Found","message":"No message available","path":"/account/subtractAdd/user/1001"}]
2022-03-13T20:00:46.9166432 404 : [{"timestamp":"2022-03-14T00:00:46.916+00:00","status":404,"error":"Not Found","message":"Transfer not found!","path":"/transfer/0"}]
2022-03-13T20:02:51.2371949 500 : [{"timestamp":"2022-03-14T00:02:51.210+00:00","status":500,"error":"Internal Server Error","message":"PreparedStatementCallback; SQL [UPDATE account SET balance = ? WHERE user_id = ?;]; ERROR: null val... (570 bytes)]
2022-03-13T20:02:51.2619801 404 : [{"timestamp":"2022-03-14T00:02:51.253+00:00","status":404,"error":"Not Found","message":"No message available","path":"/account/subtractAdd/user/1002"}]
2022-03-13T20:56:11.3050353 500 : [{"timestamp":"2022-03-14T00:56:11.276+00:00","status":500,"error":"Internal Server Error","message":"PreparedStatementCallback; SQL [UPDATE account SET balance = ? WHERE user_id = ?;]; ERROR: null val... (570 bytes)]
2022-03-13T20:56:11.326445 404 : [{"timestamp":"2022-03-14T00:56:11.326+00:00","status":404,"error":"Not Found","message":"No message available","path":"/account/subtractAdd/user/1001"}]
